2025-06-19 06:00:25 | RATE_LIMIT | ACTIVATED | context=test_context | timeout_until=2025-06-19 06:30:25 | timeout_duration_minutes=30 | timeout_timestamp=1750289425.780843
2025-06-19 06:00:25 | RATE_LIMIT | STILL_ACTIVE | context=test_context | remaining_minutes=29 | remaining_seconds=59 | timeout_until=2025-06-19 06:30:25
2025-06-19 06:00:25 | RATE_LIMIT | CLEARED | context=test_context | was_timeout_until=2025-06-19 06:30:25 | cleared_at=2025-06-19 06:00:25
2025-06-19 06:03:17 | RATE_LIMIT | TEST_EVENT | context=test-script | test_param=test_value
2025-06-19 06:03:17 | RATE_LIMIT | ACTIVATED | context=test-activation-context | timeout_until=2025-06-19 06:33:17 | timeout_duration_minutes=30 | timeout_timestamp=1750289597.892288
2025-06-19 06:03:17 | RATE_LIMIT | STILL_ACTIVE | context=test-check-0 | remaining_minutes=29 | remaining_seconds=59 | timeout_until=2025-06-19 06:33:17
2025-06-19 06:03:18 | RATE_LIMIT | STILL_ACTIVE | context=test-check-1 | remaining_minutes=29 | remaining_seconds=58 | timeout_until=2025-06-19 06:33:17
2025-06-19 06:03:19 | RATE_LIMIT | STILL_ACTIVE | context=test-check-2 | remaining_minutes=29 | remaining_seconds=57 | timeout_until=2025-06-19 06:33:17
2025-06-19 06:03:20 | RATE_LIMIT | ACTIVATION_ERROR | context=test-error-context | error=Simulated error
2025-06-19 06:03:20 | RATE_LIMIT | READ_ERROR | context=test-read-context | error=File not found
2025-06-19 06:03:20 | RATE_LIMIT | CLEAR_ERROR | context=test-clear-context | error=Permission denied
2025-06-19 06:03:20 | RATE_LIMIT | CLEARED | context=test-clearing-context | was_timeout_until=2025-06-19 06:33:17 | cleared_at=2025-06-19 06:03:20
2025-06-19 18:09:44 | RATE_LIMIT | ACTIVATED | context=bidder-get-user-reputation | timeout_until=2025-06-19 18:39:44 | timeout_duration_minutes=30 | timeout_timestamp=1750333184.4029381
2025-06-19 18:09:50 | RATE_LIMIT | STILL_ACTIVE | remaining_minutes=29 | remaining_seconds=53 | timeout_until=2025-06-19 18:39:44
2025-06-19 18:10:03 | RATE_LIMIT | STILL_ACTIVE | context=bidder-get-user-reputation | remaining_minutes=29 | remaining_seconds=41 | timeout_until=2025-06-19 18:39:44
2025-06-19 18:10:22 | RATE_LIMIT | STILL_ACTIVE | remaining_minutes=29 | remaining_seconds=22 | timeout_until=2025-06-19 18:39:44
2025-06-19 18:11:18 | RATE_LIMIT | STILL_ACTIVE | context=bidder-get-user-reputation | remaining_minutes=28 | remaining_seconds=25 | timeout_until=2025-06-19 18:39:44
2025-06-19 18:11:37 | RATE_LIMIT | STILL_ACTIVE | remaining_minutes=28 | remaining_seconds=7 | timeout_until=2025-06-19 18:39:44
2025-06-19 18:12:33 | RATE_LIMIT | STILL_ACTIVE | context=bidder-get-user-reputation | remaining_minutes=27 | remaining_seconds=10 | timeout_until=2025-06-19 18:39:44
2025-06-19 18:12:52 | RATE_LIMIT | STILL_ACTIVE | remaining_minutes=26 | remaining_seconds=52 | timeout_until=2025-06-19 18:39:44
2025-06-19 18:13:48 | RATE_LIMIT | STILL_ACTIVE | context=bidder-get-user-reputation | remaining_minutes=25 | remaining_seconds=55 | timeout_until=2025-06-19 18:39:44
2025-06-19 18:14:07 | RATE_LIMIT | STILL_ACTIVE | remaining_minutes=25 | remaining_seconds=37 | timeout_until=2025-06-19 18:39:44
2025-06-19 18:15:03 | RATE_LIMIT | STILL_ACTIVE | context=bidder-get-user-reputation | remaining_minutes=24 | remaining_seconds=40 | timeout_until=2025-06-19 18:39:44
2025-06-19 18:15:22 | RATE_LIMIT | STILL_ACTIVE | remaining_minutes=24 | remaining_seconds=22 | timeout_until=2025-06-19 18:39:44
2025-06-19 18:16:18 | RATE_LIMIT | STILL_ACTIVE | context=bidder-get-user-reputation | remaining_minutes=23 | remaining_seconds=25 | timeout_until=2025-06-19 18:39:44
2025-06-19 18:16:37 | RATE_LIMIT | STILL_ACTIVE | remaining_minutes=23 | remaining_seconds=7 | timeout_until=2025-06-19 18:39:44
2025-06-19 18:17:33 | RATE_LIMIT | STILL_ACTIVE | context=bidder-get-user-reputation | remaining_minutes=22 | remaining_seconds=10 | timeout_until=2025-06-19 18:39:44
2025-06-19 18:17:52 | RATE_LIMIT | STILL_ACTIVE | remaining_minutes=21 | remaining_seconds=52 | timeout_until=2025-06-19 18:39:44
2025-06-19 18:18:48 | RATE_LIMIT | STILL_ACTIVE | context=bidder-get-user-reputation | remaining_minutes=20 | remaining_seconds=55 | timeout_until=2025-06-19 18:39:44
2025-06-19 18:19:07 | RATE_LIMIT | STILL_ACTIVE | remaining_minutes=20 | remaining_seconds=37 | timeout_until=2025-06-19 18:39:44
2025-06-19 18:20:03 | RATE_LIMIT | STILL_ACTIVE | context=bidder-get-user-reputation | remaining_minutes=19 | remaining_seconds=41 | timeout_until=2025-06-19 18:39:44
2025-06-19 18:20:21 | RATE_LIMIT | STILL_ACTIVE | remaining_minutes=19 | remaining_seconds=23 | timeout_until=2025-06-19 18:39:44
2025-06-19 18:20:21 | RATE_LIMIT | STILL_ACTIVE | remaining_minutes=19 | remaining_seconds=22 | timeout_until=2025-06-19 18:39:44
2025-06-19 18:21:18 | RATE_LIMIT | STILL_ACTIVE | context=bidder-get-user-reputation | remaining_minutes=18 | remaining_seconds=26 | timeout_until=2025-06-19 18:39:44
2025-06-19 18:21:37 | RATE_LIMIT | STILL_ACTIVE | remaining_minutes=18 | remaining_seconds=7 | timeout_until=2025-06-19 18:39:44
2025-06-19 18:22:35 | RATE_LIMIT | STILL_ACTIVE | context=bidder-get-user-reputation | remaining_minutes=17 | remaining_seconds=9 | timeout_until=2025-06-19 18:39:44
2025-06-19 18:22:54 | RATE_LIMIT | STILL_ACTIVE | remaining_minutes=16 | remaining_seconds=50 | timeout_until=2025-06-19 18:39:44
2025-06-19 18:23:51 | RATE_LIMIT | STILL_ACTIVE | context=bidder-get-user-reputation | remaining_minutes=15 | remaining_seconds=53 | timeout_until=2025-06-19 18:39:44
2025-06-19 18:24:10 | RATE_LIMIT | STILL_ACTIVE | remaining_minutes=15 | remaining_seconds=34 | timeout_until=2025-06-19 18:39:44
2025-06-19 18:25:07 | RATE_LIMIT | STILL_ACTIVE | context=bidder-get-user-reputation | remaining_minutes=14 | remaining_seconds=37 | timeout_until=2025-06-19 18:39:44
2025-06-19 18:25:26 | RATE_LIMIT | STILL_ACTIVE | remaining_minutes=14 | remaining_seconds=18 | timeout_until=2025-06-19 18:39:44
2025-06-19 18:26:22 | RATE_LIMIT | STILL_ACTIVE | context=bidder-get-user-reputation | remaining_minutes=13 | remaining_seconds=21 | timeout_until=2025-06-19 18:39:44
2025-06-19 18:26:41 | RATE_LIMIT | STILL_ACTIVE | remaining_minutes=13 | remaining_seconds=2 | timeout_until=2025-06-19 18:39:44
2025-06-19 18:27:38 | RATE_LIMIT | STILL_ACTIVE | context=bidder-get-user-reputation | remaining_minutes=12 | remaining_seconds=5 | timeout_until=2025-06-19 18:39:44
2025-06-19 18:27:57 | RATE_LIMIT | STILL_ACTIVE | remaining_minutes=11 | remaining_seconds=46 | timeout_until=2025-06-19 18:39:44
2025-06-19 18:28:54 | RATE_LIMIT | STILL_ACTIVE | context=bidder-get-user-reputation | remaining_minutes=10 | remaining_seconds=50 | timeout_until=2025-06-19 18:39:44
2025-06-19 18:29:13 | RATE_LIMIT | STILL_ACTIVE | remaining_minutes=10 | remaining_seconds=31 | timeout_until=2025-06-19 18:39:44
2025-06-19 18:30:09 | RATE_LIMIT | STILL_ACTIVE | context=bidder-get-user-reputation | remaining_minutes=9 | remaining_seconds=34 | timeout_until=2025-06-19 18:39:44
2025-06-19 18:30:28 | RATE_LIMIT | STILL_ACTIVE | remaining_minutes=9 | remaining_seconds=16 | timeout_until=2025-06-19 18:39:44
2025-06-19 18:31:24 | RATE_LIMIT | STILL_ACTIVE | context=bidder-get-user-reputation | remaining_minutes=8 | remaining_seconds=20 | timeout_until=2025-06-19 18:39:44
2025-06-19 18:31:43 | RATE_LIMIT | STILL_ACTIVE | remaining_minutes=8 | remaining_seconds=1 | timeout_until=2025-06-19 18:39:44
2025-06-19 18:32:39 | RATE_LIMIT | STILL_ACTIVE | context=bidder-get-user-reputation | remaining_minutes=7 | remaining_seconds=4 | timeout_until=2025-06-19 18:39:44
2025-06-19 18:32:58 | RATE_LIMIT | STILL_ACTIVE | remaining_minutes=6 | remaining_seconds=46 | timeout_until=2025-06-19 18:39:44
2025-06-19 18:33:53 | RATE_LIMIT | STILL_ACTIVE | context=bidder-get-user-reputation | remaining_minutes=5 | remaining_seconds=50 | timeout_until=2025-06-19 18:39:44
2025-06-19 18:34:12 | RATE_LIMIT | STILL_ACTIVE | remaining_minutes=5 | remaining_seconds=31 | timeout_until=2025-06-19 18:39:44
2025-06-19 18:35:08 | RATE_LIMIT | STILL_ACTIVE | context=bidder-get-user-reputation | remaining_minutes=4 | remaining_seconds=35 | timeout_until=2025-06-19 18:39:44
2025-06-19 18:35:27 | RATE_LIMIT | STILL_ACTIVE | remaining_minutes=4 | remaining_seconds=16 | timeout_until=2025-06-19 18:39:44
2025-06-19 18:36:23 | RATE_LIMIT | STILL_ACTIVE | context=bidder-get-user-reputation | remaining_minutes=3 | remaining_seconds=20 | timeout_until=2025-06-19 18:39:44
2025-06-19 18:36:42 | RATE_LIMIT | STILL_ACTIVE | remaining_minutes=3 | remaining_seconds=2 | timeout_until=2025-06-19 18:39:44
2025-06-19 18:37:38 | RATE_LIMIT | STILL_ACTIVE | context=bidder-get-user-reputation | remaining_minutes=2 | remaining_seconds=6 | timeout_until=2025-06-19 18:39:44
2025-06-19 18:37:57 | RATE_LIMIT | STILL_ACTIVE | remaining_minutes=1 | remaining_seconds=47 | timeout_until=2025-06-19 18:39:44
2025-06-19 18:38:35 | RATE_LIMIT | STILL_ACTIVE | remaining_minutes=1 | remaining_seconds=8 | timeout_until=2025-06-19 18:39:44
2025-06-19 18:38:53 | RATE_LIMIT | STILL_ACTIVE | context=bidder-get-user-reputation | remaining_minutes=0 | remaining_seconds=50 | timeout_until=2025-06-19 18:39:44
2025-06-19 18:39:12 | RATE_LIMIT | STILL_ACTIVE | remaining_minutes=0 | remaining_seconds=32 | timeout_until=2025-06-19 18:39:44
2025-06-19 18:39:49 | RATE_LIMIT | CLEARED | context=bidder-get-user-reputation | was_timeout_until=2025-06-19 18:39:44 | cleared_at=2025-06-19 18:39:49
2025-06-19 20:17:23 | RATE_LIMIT | ACTIVATED | context=bidder-get-user-reputation | timeout_until=2025-06-19 20:47:23 | timeout_duration_minutes=30 | timeout_timestamp=1750340843.120456
2025-06-19 20:17:41 | RATE_LIMIT | STILL_ACTIVE | remaining_minutes=29 | remaining_seconds=41 | timeout_until=2025-06-19 20:47:23
2025-06-19 20:17:41 | RATE_LIMIT | STILL_ACTIVE | context=bidder-get-user-reputation | remaining_minutes=29 | remaining_seconds=41 | timeout_until=2025-06-19 20:47:23
2025-06-19 20:17:41 | RATE_LIMIT | STILL_ACTIVE | remaining_minutes=29 | remaining_seconds=41 | timeout_until=2025-06-19 20:47:23
2025-06-19 20:18:41 | RATE_LIMIT | STILL_ACTIVE | remaining_minutes=28 | remaining_seconds=41 | timeout_until=2025-06-19 20:47:23
2025-06-19 20:18:56 | RATE_LIMIT | STILL_ACTIVE | remaining_minutes=28 | remaining_seconds=26 | timeout_until=2025-06-19 20:47:23
2025-06-19 20:18:56 | RATE_LIMIT | STILL_ACTIVE | context=bidder-get-user-reputation | remaining_minutes=28 | remaining_seconds=26 | timeout_until=2025-06-19 20:47:23
2025-06-19 20:19:41 | RATE_LIMIT | STILL_ACTIVE | remaining_minutes=27 | remaining_seconds=41 | timeout_until=2025-06-19 20:47:23
2025-06-19 20:20:11 | RATE_LIMIT | STILL_ACTIVE | remaining_minutes=27 | remaining_seconds=11 | timeout_until=2025-06-19 20:47:23
2025-06-19 20:20:11 | RATE_LIMIT | STILL_ACTIVE | context=bidder-get-user-reputation | remaining_minutes=27 | remaining_seconds=11 | timeout_until=2025-06-19 20:47:23
2025-06-19 20:20:41 | RATE_LIMIT | STILL_ACTIVE | remaining_minutes=26 | remaining_seconds=41 | timeout_until=2025-06-19 20:47:23
2025-06-19 20:21:26 | RATE_LIMIT | STILL_ACTIVE | remaining_minutes=25 | remaining_seconds=56 | timeout_until=2025-06-19 20:47:23
2025-06-19 20:21:26 | RATE_LIMIT | STILL_ACTIVE | context=bidder-get-user-reputation | remaining_minutes=25 | remaining_seconds=56 | timeout_until=2025-06-19 20:47:23
2025-06-19 20:21:41 | RATE_LIMIT | STILL_ACTIVE | remaining_minutes=25 | remaining_seconds=41 | timeout_until=2025-06-19 20:47:23
2025-06-19 20:22:41 | RATE_LIMIT | STILL_ACTIVE | remaining_minutes=24 | remaining_seconds=41 | timeout_until=2025-06-19 20:47:23
2025-06-19 20:22:41 | RATE_LIMIT | STILL_ACTIVE | context=bidder-get-user-reputation | remaining_minutes=24 | remaining_seconds=41 | timeout_until=2025-06-19 20:47:23
2025-06-19 20:22:41 | RATE_LIMIT | STILL_ACTIVE | remaining_minutes=24 | remaining_seconds=41 | timeout_until=2025-06-19 20:47:23
2025-06-19 20:23:41 | RATE_LIMIT | STILL_ACTIVE | remaining_minutes=23 | remaining_seconds=41 | timeout_until=2025-06-19 20:47:23
2025-06-19 20:23:56 | RATE_LIMIT | STILL_ACTIVE | remaining_minutes=23 | remaining_seconds=27 | timeout_until=2025-06-19 20:47:23
2025-06-19 20:23:56 | RATE_LIMIT | STILL_ACTIVE | context=bidder-get-user-reputation | remaining_minutes=23 | remaining_seconds=27 | timeout_until=2025-06-19 20:47:23
2025-06-19 20:24:42 | RATE_LIMIT | STILL_ACTIVE | remaining_minutes=22 | remaining_seconds=41 | timeout_until=2025-06-19 20:47:23
2025-06-19 20:25:10 | RATE_LIMIT | STILL_ACTIVE | remaining_minutes=22 | remaining_seconds=12 | timeout_until=2025-06-19 20:47:23
2025-06-19 20:25:10 | RATE_LIMIT | STILL_ACTIVE | context=bidder-get-user-reputation | remaining_minutes=22 | remaining_seconds=12 | timeout_until=2025-06-19 20:47:23
2025-06-19 20:25:42 | RATE_LIMIT | STILL_ACTIVE | remaining_minutes=21 | remaining_seconds=41 | timeout_until=2025-06-19 20:47:23
2025-06-19 20:26:25 | RATE_LIMIT | STILL_ACTIVE | remaining_minutes=20 | remaining_seconds=57 | timeout_until=2025-06-19 20:47:23
2025-06-19 20:26:25 | RATE_LIMIT | STILL_ACTIVE | context=bidder-get-user-reputation | remaining_minutes=20 | remaining_seconds=57 | timeout_until=2025-06-19 20:47:23
2025-06-19 20:26:42 | RATE_LIMIT | STILL_ACTIVE | remaining_minutes=20 | remaining_seconds=40 | timeout_until=2025-06-19 20:47:23
2025-06-19 20:27:40 | RATE_LIMIT | STILL_ACTIVE | remaining_minutes=19 | remaining_seconds=42 | timeout_until=2025-06-19 20:47:23
2025-06-19 20:27:40 | RATE_LIMIT | STILL_ACTIVE | context=bidder-get-user-reputation | remaining_minutes=19 | remaining_seconds=42 | timeout_until=2025-06-19 20:47:23
2025-06-19 20:27:42 | RATE_LIMIT | STILL_ACTIVE | remaining_minutes=19 | remaining_seconds=40 | timeout_until=2025-06-19 20:47:23
2025-06-19 20:28:42 | RATE_LIMIT | STILL_ACTIVE | remaining_minutes=18 | remaining_seconds=40 | timeout_until=2025-06-19 20:47:23
2025-06-19 20:28:55 | RATE_LIMIT | STILL_ACTIVE | remaining_minutes=18 | remaining_seconds=27 | timeout_until=2025-06-19 20:47:23
2025-06-19 20:28:55 | RATE_LIMIT | STILL_ACTIVE | context=bidder-get-user-reputation | remaining_minutes=18 | remaining_seconds=27 | timeout_until=2025-06-19 20:47:23
2025-06-19 20:29:42 | RATE_LIMIT | STILL_ACTIVE | remaining_minutes=17 | remaining_seconds=40 | timeout_until=2025-06-19 20:47:23
2025-06-19 20:30:09 | RATE_LIMIT | STILL_ACTIVE | remaining_minutes=17 | remaining_seconds=13 | timeout_until=2025-06-19 20:47:23
2025-06-19 20:30:09 | RATE_LIMIT | STILL_ACTIVE | context=bidder-get-user-reputation | remaining_minutes=17 | remaining_seconds=13 | timeout_until=2025-06-19 20:47:23
2025-06-19 20:30:42 | RATE_LIMIT | STILL_ACTIVE | remaining_minutes=16 | remaining_seconds=40 | timeout_until=2025-06-19 20:47:23
2025-06-19 20:31:24 | RATE_LIMIT | STILL_ACTIVE | remaining_minutes=15 | remaining_seconds=58 | timeout_until=2025-06-19 20:47:23
2025-06-19 20:31:24 | RATE_LIMIT | STILL_ACTIVE | context=bidder-get-user-reputation | remaining_minutes=15 | remaining_seconds=58 | timeout_until=2025-06-19 20:47:23
2025-06-19 20:31:42 | RATE_LIMIT | STILL_ACTIVE | remaining_minutes=15 | remaining_seconds=40 | timeout_until=2025-06-19 20:47:23
2025-06-19 20:32:39 | RATE_LIMIT | STILL_ACTIVE | remaining_minutes=14 | remaining_seconds=43 | timeout_until=2025-06-19 20:47:23
2025-06-19 20:32:39 | RATE_LIMIT | STILL_ACTIVE | context=bidder-get-user-reputation | remaining_minutes=14 | remaining_seconds=43 | timeout_until=2025-06-19 20:47:23
2025-06-19 20:32:42 | RATE_LIMIT | STILL_ACTIVE | remaining_minutes=14 | remaining_seconds=40 | timeout_until=2025-06-19 20:47:23
2025-06-19 20:33:42 | RATE_LIMIT | STILL_ACTIVE | remaining_minutes=13 | remaining_seconds=40 | timeout_until=2025-06-19 20:47:23
2025-06-19 20:33:55 | RATE_LIMIT | STILL_ACTIVE | remaining_minutes=13 | remaining_seconds=27 | timeout_until=2025-06-19 20:47:23
2025-06-19 20:33:55 | RATE_LIMIT | STILL_ACTIVE | context=bidder-get-user-reputation | remaining_minutes=13 | remaining_seconds=27 | timeout_until=2025-06-19 20:47:23
2025-06-19 20:34:42 | RATE_LIMIT | STILL_ACTIVE | remaining_minutes=12 | remaining_seconds=40 | timeout_until=2025-06-19 20:47:23
2025-06-19 20:35:12 | RATE_LIMIT | STILL_ACTIVE | remaining_minutes=12 | remaining_seconds=10 | timeout_until=2025-06-19 20:47:23
2025-06-19 20:35:12 | RATE_LIMIT | STILL_ACTIVE | context=bidder-get-user-reputation | remaining_minutes=12 | remaining_seconds=10 | timeout_until=2025-06-19 20:47:23
2025-06-19 20:35:42 | RATE_LIMIT | STILL_ACTIVE | remaining_minutes=11 | remaining_seconds=40 | timeout_until=2025-06-19 20:47:23
2025-06-19 20:36:29 | RATE_LIMIT | STILL_ACTIVE | remaining_minutes=10 | remaining_seconds=54 | timeout_until=2025-06-19 20:47:23
2025-06-19 20:36:29 | RATE_LIMIT | STILL_ACTIVE | context=bidder-get-user-reputation | remaining_minutes=10 | remaining_seconds=54 | timeout_until=2025-06-19 20:47:23
2025-06-19 20:36:42 | RATE_LIMIT | STILL_ACTIVE | remaining_minutes=10 | remaining_seconds=40 | timeout_until=2025-06-19 20:47:23
2025-06-19 20:37:42 | RATE_LIMIT | STILL_ACTIVE | remaining_minutes=9 | remaining_seconds=40 | timeout_until=2025-06-19 20:47:23
2025-06-19 20:37:44 | RATE_LIMIT | STILL_ACTIVE | remaining_minutes=9 | remaining_seconds=38 | timeout_until=2025-06-19 20:47:23
2025-06-19 20:37:44 | RATE_LIMIT | STILL_ACTIVE | context=bidder-get-user-reputation | remaining_minutes=9 | remaining_seconds=38 | timeout_until=2025-06-19 20:47:23
2025-06-19 20:44:46 | RATE_LIMIT | STILL_ACTIVE | remaining_minutes=2 | remaining_seconds=36 | timeout_until=2025-06-19 20:47:23
2025-06-19 20:44:48 | RATE_LIMIT | STILL_ACTIVE | remaining_minutes=2 | remaining_seconds=35 | timeout_until=2025-06-19 20:47:23
2025-06-19 20:44:48 | RATE_LIMIT | STILL_ACTIVE | context=bidder-get-user-reputation | remaining_minutes=2 | remaining_seconds=35 | timeout_until=2025-06-19 20:47:23
2025-06-20 02:57:24 | RATE_LIMIT | STILL_ACTIVE | remaining_minutes=29 | remaining_seconds=59 | timeout_until=2025-06-20 03:27:24
2025-06-20 02:58:25 | RATE_LIMIT | STILL_ACTIVE | remaining_minutes=28 | remaining_seconds=58 | timeout_until=2025-06-20 03:27:24
2025-06-20 02:59:25 | RATE_LIMIT | STILL_ACTIVE | remaining_minutes=27 | remaining_seconds=58 | timeout_until=2025-06-20 03:27:24
2025-06-20 03:00:27 | RATE_LIMIT | STILL_ACTIVE | remaining_minutes=26 | remaining_seconds=56 | timeout_until=2025-06-20 03:27:24
2025-06-20 03:01:27 | RATE_LIMIT | STILL_ACTIVE | remaining_minutes=25 | remaining_seconds=56 | timeout_until=2025-06-20 03:27:24
2025-06-20 03:02:28 | RATE_LIMIT | STILL_ACTIVE | remaining_minutes=24 | remaining_seconds=55 | timeout_until=2025-06-20 03:27:24
2025-06-20 03:03:28 | RATE_LIMIT | STILL_ACTIVE | remaining_minutes=23 | remaining_seconds=55 | timeout_until=2025-06-20 03:27:24
2025-06-20 03:04:29 | RATE_LIMIT | STILL_ACTIVE | remaining_minutes=22 | remaining_seconds=54 | timeout_until=2025-06-20 03:27:24
2025-06-20 03:05:29 | RATE_LIMIT | STILL_ACTIVE | remaining_minutes=21 | remaining_seconds=54 | timeout_until=2025-06-20 03:27:24
2025-06-20 03:06:30 | RATE_LIMIT | STILL_ACTIVE | remaining_minutes=20 | remaining_seconds=53 | timeout_until=2025-06-20 03:27:24
2025-06-20 03:07:30 | RATE_LIMIT | STILL_ACTIVE | remaining_minutes=19 | remaining_seconds=53 | timeout_until=2025-06-20 03:27:24
2025-06-20 03:08:31 | RATE_LIMIT | STILL_ACTIVE | remaining_minutes=18 | remaining_seconds=52 | timeout_until=2025-06-20 03:27:24
2025-06-20 03:09:31 | RATE_LIMIT | STILL_ACTIVE | remaining_minutes=17 | remaining_seconds=52 | timeout_until=2025-06-20 03:27:24
2025-06-20 03:10:32 | RATE_LIMIT | STILL_ACTIVE | remaining_minutes=16 | remaining_seconds=51 | timeout_until=2025-06-20 03:27:24
2025-06-20 03:11:32 | RATE_LIMIT | STILL_ACTIVE | remaining_minutes=15 | remaining_seconds=51 | timeout_until=2025-06-20 03:27:24
2025-06-20 03:12:33 | RATE_LIMIT | STILL_ACTIVE | remaining_minutes=14 | remaining_seconds=50 | timeout_until=2025-06-20 03:27:24
2025-06-20 03:13:33 | RATE_LIMIT | STILL_ACTIVE | remaining_minutes=13 | remaining_seconds=50 | timeout_until=2025-06-20 03:27:24
2025-06-20 03:14:34 | RATE_LIMIT | STILL_ACTIVE | remaining_minutes=12 | remaining_seconds=49 | timeout_until=2025-06-20 03:27:24
2025-06-20 03:15:34 | RATE_LIMIT | STILL_ACTIVE | remaining_minutes=11 | remaining_seconds=49 | timeout_until=2025-06-20 03:27:24
2025-06-20 03:16:35 | RATE_LIMIT | STILL_ACTIVE | remaining_minutes=10 | remaining_seconds=48 | timeout_until=2025-06-20 03:27:24
2025-06-20 03:17:35 | RATE_LIMIT | STILL_ACTIVE | remaining_minutes=9 | remaining_seconds=48 | timeout_until=2025-06-20 03:27:24
2025-06-20 03:18:36 | RATE_LIMIT | STILL_ACTIVE | remaining_minutes=8 | remaining_seconds=47 | timeout_until=2025-06-20 03:27:24
2025-06-20 03:19:36 | RATE_LIMIT | STILL_ACTIVE | remaining_minutes=7 | remaining_seconds=47 | timeout_until=2025-06-20 03:27:24
2025-06-20 10:13:02 | RATE_LIMIT | ACTIVATED | context=bidder-get-user-reputation | timeout_until=2025-06-20 10:43:02 | timeout_duration_minutes=30 | timeout_timestamp=1750390982.990079
2025-06-20 10:13:21 | RATE_LIMIT | STILL_ACTIVE | context=bidder-get-user-reputation | remaining_minutes=29 | remaining_seconds=41 | timeout_until=2025-06-20 10:43:02
2025-06-20 10:13:26 | RATE_LIMIT | STILL_ACTIVE | remaining_minutes=29 | remaining_seconds=36 | timeout_until=2025-06-20 10:43:02
2025-06-20 10:13:40 | RATE_LIMIT | STILL_ACTIVE | remaining_minutes=29 | remaining_seconds=22 | timeout_until=2025-06-20 10:43:02
2025-06-20 10:14:26 | RATE_LIMIT | STILL_ACTIVE | remaining_minutes=28 | remaining_seconds=36 | timeout_until=2025-06-20 10:43:02
2025-06-20 10:14:36 | RATE_LIMIT | STILL_ACTIVE | context=bidder-get-user-reputation | remaining_minutes=28 | remaining_seconds=26 | timeout_until=2025-06-20 10:43:02
2025-06-20 10:14:55 | RATE_LIMIT | STILL_ACTIVE | remaining_minutes=28 | remaining_seconds=7 | timeout_until=2025-06-20 10:43:02
2025-06-20 10:15:27 | RATE_LIMIT | STILL_ACTIVE | remaining_minutes=27 | remaining_seconds=35 | timeout_until=2025-06-20 10:43:02
2025-06-20 10:15:51 | RATE_LIMIT | STILL_ACTIVE | context=bidder-get-user-reputation | remaining_minutes=27 | remaining_seconds=11 | timeout_until=2025-06-20 10:43:02
2025-06-20 10:16:10 | RATE_LIMIT | STILL_ACTIVE | remaining_minutes=26 | remaining_seconds=52 | timeout_until=2025-06-20 10:43:02
2025-06-20 10:16:27 | RATE_LIMIT | STILL_ACTIVE | remaining_minutes=26 | remaining_seconds=35 | timeout_until=2025-06-20 10:43:02
2025-06-20 10:17:06 | RATE_LIMIT | STILL_ACTIVE | context=bidder-get-user-reputation | remaining_minutes=25 | remaining_seconds=56 | timeout_until=2025-06-20 10:43:02
2025-06-20 10:17:25 | RATE_LIMIT | STILL_ACTIVE | remaining_minutes=25 | remaining_seconds=37 | timeout_until=2025-06-20 10:43:02
2025-06-20 10:17:28 | RATE_LIMIT | STILL_ACTIVE | remaining_minutes=25 | remaining_seconds=34 | timeout_until=2025-06-20 10:43:02
2025-06-20 10:18:21 | RATE_LIMIT | STILL_ACTIVE | context=bidder-get-user-reputation | remaining_minutes=24 | remaining_seconds=41 | timeout_until=2025-06-20 10:43:02
2025-06-20 10:18:28 | RATE_LIMIT | STILL_ACTIVE | remaining_minutes=24 | remaining_seconds=34 | timeout_until=2025-06-20 10:43:02
2025-06-20 10:18:39 | RATE_LIMIT | STILL_ACTIVE | remaining_minutes=24 | remaining_seconds=23 | timeout_until=2025-06-20 10:43:02
2025-06-20 10:19:29 | RATE_LIMIT | STILL_ACTIVE | remaining_minutes=23 | remaining_seconds=33 | timeout_until=2025-06-20 10:43:02
2025-06-20 10:19:36 | RATE_LIMIT | STILL_ACTIVE | context=bidder-get-user-reputation | remaining_minutes=23 | remaining_seconds=26 | timeout_until=2025-06-20 10:43:02
2025-06-20 10:19:54 | RATE_LIMIT | STILL_ACTIVE | remaining_minutes=23 | remaining_seconds=8 | timeout_until=2025-06-20 10:43:02
2025-06-20 10:20:29 | RATE_LIMIT | STILL_ACTIVE | remaining_minutes=22 | remaining_seconds=33 | timeout_until=2025-06-20 10:43:02
2025-06-20 10:20:51 | RATE_LIMIT | STILL_ACTIVE | context=bidder-get-user-reputation | remaining_minutes=22 | remaining_seconds=11 | timeout_until=2025-06-20 10:43:02
2025-06-20 10:21:09 | RATE_LIMIT | STILL_ACTIVE | remaining_minutes=21 | remaining_seconds=53 | timeout_until=2025-06-20 10:43:02
2025-06-20 10:21:30 | RATE_LIMIT | STILL_ACTIVE | remaining_minutes=21 | remaining_seconds=32 | timeout_until=2025-06-20 10:43:02
2025-06-20 10:22:06 | RATE_LIMIT | STILL_ACTIVE | context=bidder-get-user-reputation | remaining_minutes=20 | remaining_seconds=56 | timeout_until=2025-06-20 10:43:02
2025-06-20 10:22:24 | RATE_LIMIT | STILL_ACTIVE | remaining_minutes=20 | remaining_seconds=38 | timeout_until=2025-06-20 10:43:02
2025-06-20 10:22:30 | RATE_LIMIT | STILL_ACTIVE | remaining_minutes=20 | remaining_seconds=32 | timeout_until=2025-06-20 10:43:02
2025-06-20 10:23:20 | RATE_LIMIT | STILL_ACTIVE | context=bidder-get-user-reputation | remaining_minutes=19 | remaining_seconds=42 | timeout_until=2025-06-20 10:43:02
2025-06-20 10:23:31 | RATE_LIMIT | STILL_ACTIVE | remaining_minutes=19 | remaining_seconds=31 | timeout_until=2025-06-20 10:43:02
2025-06-20 10:23:39 | RATE_LIMIT | STILL_ACTIVE | remaining_minutes=19 | remaining_seconds=23 | timeout_until=2025-06-20 10:43:02
2025-06-20 10:24:31 | RATE_LIMIT | STILL_ACTIVE | remaining_minutes=18 | remaining_seconds=31 | timeout_until=2025-06-20 10:43:02
2025-06-20 10:24:35 | RATE_LIMIT | STILL_ACTIVE | context=bidder-get-user-reputation | remaining_minutes=18 | remaining_seconds=27 | timeout_until=2025-06-20 10:43:02
2025-06-20 10:24:54 | RATE_LIMIT | STILL_ACTIVE | remaining_minutes=18 | remaining_seconds=8 | timeout_until=2025-06-20 10:43:02
2025-06-20 10:25:32 | RATE_LIMIT | STILL_ACTIVE | remaining_minutes=17 | remaining_seconds=30 | timeout_until=2025-06-20 10:43:02
2025-06-20 10:25:50 | RATE_LIMIT | STILL_ACTIVE | context=bidder-get-user-reputation | remaining_minutes=17 | remaining_seconds=12 | timeout_until=2025-06-20 10:43:02
2025-06-20 10:26:09 | RATE_LIMIT | STILL_ACTIVE | remaining_minutes=16 | remaining_seconds=53 | timeout_until=2025-06-20 10:43:02
2025-06-20 10:26:32 | RATE_LIMIT | STILL_ACTIVE | remaining_minutes=16 | remaining_seconds=30 | timeout_until=2025-06-20 10:43:02
2025-06-20 10:27:05 | RATE_LIMIT | STILL_ACTIVE | context=bidder-get-user-reputation | remaining_minutes=15 | remaining_seconds=57 | timeout_until=2025-06-20 10:43:02
2025-06-20 10:27:24 | RATE_LIMIT | STILL_ACTIVE | remaining_minutes=15 | remaining_seconds=38 | timeout_until=2025-06-20 10:43:02
2025-06-20 10:27:34 | RATE_LIMIT | STILL_ACTIVE | remaining_minutes=15 | remaining_seconds=28 | timeout_until=2025-06-20 10:43:02
2025-06-20 10:28:20 | RATE_LIMIT | STILL_ACTIVE | context=bidder-get-user-reputation | remaining_minutes=14 | remaining_seconds=42 | timeout_until=2025-06-20 10:43:02
2025-06-20 10:28:34 | RATE_LIMIT | STILL_ACTIVE | remaining_minutes=14 | remaining_seconds=28 | timeout_until=2025-06-20 10:43:02
2025-06-20 10:28:39 | RATE_LIMIT | STILL_ACTIVE | remaining_minutes=14 | remaining_seconds=23 | timeout_until=2025-06-20 10:43:02
2025-06-20 10:29:35 | RATE_LIMIT | STILL_ACTIVE | remaining_minutes=13 | remaining_seconds=27 | timeout_until=2025-06-20 10:43:02
2025-06-20 10:29:35 | RATE_LIMIT | STILL_ACTIVE | context=bidder-get-user-reputation | remaining_minutes=13 | remaining_seconds=27 | timeout_until=2025-06-20 10:43:02
2025-06-20 10:29:53 | RATE_LIMIT | STILL_ACTIVE | remaining_minutes=13 | remaining_seconds=9 | timeout_until=2025-06-20 10:43:02
2025-06-20 10:30:35 | RATE_LIMIT | STILL_ACTIVE | remaining_minutes=12 | remaining_seconds=27 | timeout_until=2025-06-20 10:43:02
2025-06-20 10:30:49 | RATE_LIMIT | STILL_ACTIVE | context=bidder-get-user-reputation | remaining_minutes=12 | remaining_seconds=13 | timeout_until=2025-06-20 10:43:02
2025-06-20 10:31:08 | RATE_LIMIT | STILL_ACTIVE | remaining_minutes=11 | remaining_seconds=54 | timeout_until=2025-06-20 10:43:02
2025-06-20 10:31:36 | RATE_LIMIT | STILL_ACTIVE | remaining_minutes=11 | remaining_seconds=26 | timeout_until=2025-06-20 10:43:02
2025-06-20 10:32:04 | RATE_LIMIT | STILL_ACTIVE | context=bidder-get-user-reputation | remaining_minutes=10 | remaining_seconds=58 | timeout_until=2025-06-20 10:43:02
2025-06-20 10:32:23 | RATE_LIMIT | STILL_ACTIVE | remaining_minutes=10 | remaining_seconds=39 | timeout_until=2025-06-20 10:43:02
2025-06-20 10:32:36 | RATE_LIMIT | STILL_ACTIVE | remaining_minutes=10 | remaining_seconds=26 | timeout_until=2025-06-20 10:43:02
2025-06-20 10:33:19 | RATE_LIMIT | STILL_ACTIVE | context=bidder-get-user-reputation | remaining_minutes=9 | remaining_seconds=43 | timeout_until=2025-06-20 10:43:02
2025-06-20 10:33:37 | RATE_LIMIT | STILL_ACTIVE | remaining_minutes=9 | remaining_seconds=25 | timeout_until=2025-06-20 10:43:02
2025-06-20 10:33:38 | RATE_LIMIT | STILL_ACTIVE | remaining_minutes=9 | remaining_seconds=24 | timeout_until=2025-06-20 10:43:02
2025-06-20 10:34:34 | RATE_LIMIT | STILL_ACTIVE | context=bidder-get-user-reputation | remaining_minutes=8 | remaining_seconds=28 | timeout_until=2025-06-20 10:43:02
2025-06-20 10:34:37 | RATE_LIMIT | STILL_ACTIVE | remaining_minutes=8 | remaining_seconds=25 | timeout_until=2025-06-20 10:43:02
2025-06-20 10:34:52 | RATE_LIMIT | STILL_ACTIVE | remaining_minutes=8 | remaining_seconds=10 | timeout_until=2025-06-20 10:43:02
2025-06-20 10:35:38 | RATE_LIMIT | STILL_ACTIVE | remaining_minutes=7 | remaining_seconds=24 | timeout_until=2025-06-20 10:43:02
2025-06-20 10:35:48 | RATE_LIMIT | STILL_ACTIVE | context=bidder-get-user-reputation | remaining_minutes=7 | remaining_seconds=14 | timeout_until=2025-06-20 10:43:02
2025-06-20 10:36:07 | RATE_LIMIT | STILL_ACTIVE | remaining_minutes=6 | remaining_seconds=55 | timeout_until=2025-06-20 10:43:02
2025-06-20 10:36:38 | RATE_LIMIT | STILL_ACTIVE | remaining_minutes=6 | remaining_seconds=24 | timeout_until=2025-06-20 10:43:02
2025-06-20 10:37:03 | RATE_LIMIT | STILL_ACTIVE | context=bidder-get-user-reputation | remaining_minutes=5 | remaining_seconds=59 | timeout_until=2025-06-20 10:43:02
2025-06-20 10:37:22 | RATE_LIMIT | STILL_ACTIVE | remaining_minutes=5 | remaining_seconds=40 | timeout_until=2025-06-20 10:43:02
2025-06-20 10:37:39 | RATE_LIMIT | STILL_ACTIVE | remaining_minutes=5 | remaining_seconds=23 | timeout_until=2025-06-20 10:43:02
2025-06-20 10:38:18 | RATE_LIMIT | STILL_ACTIVE | context=bidder-get-user-reputation | remaining_minutes=4 | remaining_seconds=44 | timeout_until=2025-06-20 10:43:02
2025-06-20 10:38:37 | RATE_LIMIT | STILL_ACTIVE | remaining_minutes=4 | remaining_seconds=25 | timeout_until=2025-06-20 10:43:02
2025-06-20 10:38:39 | RATE_LIMIT | STILL_ACTIVE | remaining_minutes=4 | remaining_seconds=23 | timeout_until=2025-06-20 10:43:02
2025-06-20 10:39:33 | RATE_LIMIT | STILL_ACTIVE | context=bidder-get-user-reputation | remaining_minutes=3 | remaining_seconds=29 | timeout_until=2025-06-20 10:43:02
2025-06-20 10:39:40 | RATE_LIMIT | STILL_ACTIVE | remaining_minutes=3 | remaining_seconds=22 | timeout_until=2025-06-20 10:43:02
2025-06-20 10:39:52 | RATE_LIMIT | STILL_ACTIVE | remaining_minutes=3 | remaining_seconds=10 | timeout_until=2025-06-20 10:43:02
2025-06-20 10:40:40 | RATE_LIMIT | STILL_ACTIVE | remaining_minutes=2 | remaining_seconds=22 | timeout_until=2025-06-20 10:43:02
2025-06-20 10:40:48 | RATE_LIMIT | STILL_ACTIVE | context=bidder-get-user-reputation | remaining_minutes=2 | remaining_seconds=14 | timeout_until=2025-06-20 10:43:02
2025-06-20 10:41:07 | RATE_LIMIT | STILL_ACTIVE | remaining_minutes=1 | remaining_seconds=55 | timeout_until=2025-06-20 10:43:02
2025-06-20 10:41:41 | RATE_LIMIT | STILL_ACTIVE | remaining_minutes=1 | remaining_seconds=21 | timeout_until=2025-06-20 10:43:02
2025-06-20 10:42:03 | RATE_LIMIT | STILL_ACTIVE | context=bidder-get-user-reputation | remaining_minutes=0 | remaining_seconds=59 | timeout_until=2025-06-20 10:43:02
2025-06-20 10:42:21 | RATE_LIMIT | STILL_ACTIVE | remaining_minutes=0 | remaining_seconds=41 | timeout_until=2025-06-20 10:43:02
2025-06-20 10:42:41 | RATE_LIMIT | STILL_ACTIVE | remaining_minutes=0 | remaining_seconds=21 | timeout_until=2025-06-20 10:43:02
